0 info it worked if it ends with ok
1 verbose cli [ '/usr/bin/nodejs', '/usr/bin/npm', 'install' ]
2 info using npm@3.8.3
3 info using node@v5.10.1
4 silly loadCurrentTree Starting
5 silly install loadCurrentTree
6 silly install readLocalPackageData
7 silly install normalizeTree
8 silly loadCurrentTree Finishing
9 silly loadIdealTree Starting
10 silly install loadIdealTree
11 silly cloneCurrentTree Starting
12 silly install cloneCurrentTreeToIdealTree
13 silly cloneCurrentTree Finishing
14 silly loadShrinkwrap Starting
15 silly install loadShrinkwrap
16 silly loadShrinkwrap Finishing
17 silly loadAllDepsIntoIdealTree Starting
18 silly install loadAllDepsIntoIdealTree
19 silly fetchNamedPackageData gulp-jade
20 silly mapToRegistry name gulp-jade
21 silly mapToRegistry using default registry
22 silly mapToRegistry registry https://registry.npmjs.org/
23 silly mapToRegistry data Result {
23 silly mapToRegistry   raw: 'gulp-jade',
23 silly mapToRegistry   scope: null,
23 silly mapToRegistry   name: 'gulp-jade',
23 silly mapToRegistry   rawSpec: '',
23 silly mapToRegistry   spec: 'latest',
23 silly mapToRegistry   type: 'tag' }
24 silly mapToRegistry uri https://registry.npmjs.org/gulp-jade
25 verbose request uri https://registry.npmjs.org/gulp-jade
26 verbose request no auth needed
27 info attempt registry request try #1 at 2:58:28 PM
28 verbose request id c716dcb2cf08ce1f
29 verbose etag "811Z6C382IDS6XRSZ2RCBDBE1"
30 http request GET https://registry.npmjs.org/gulp-jade
31 http 304 https://registry.npmjs.org/gulp-jade
32 verbose headers { date: 'Mon, 02 May 2016 11:58:29 GMT',
32 verbose headers   via: '1.1 varnish',
32 verbose headers   'cache-control': 'max-age=300',
32 verbose headers   etag: '"811Z6C382IDS6XRSZ2RCBDBE1"',
32 verbose headers   age: '295',
32 verbose headers   connection: 'keep-alive',
32 verbose headers   'x-served-by': 'cache-fra1243-FRA',
32 verbose headers   'x-cache': 'HIT',
32 verbose headers   'x-cache-hits': '1',
32 verbose headers   'x-timer': 'S1462190309.339576,VS0,VE0',
32 verbose headers   vary: 'Accept-Encoding' }
33 silly get cb [ 304,
33 silly get   { date: 'Mon, 02 May 2016 11:58:29 GMT',
33 silly get     via: '1.1 varnish',
33 silly get     'cache-control': 'max-age=300',
33 silly get     etag: '"811Z6C382IDS6XRSZ2RCBDBE1"',
33 silly get     age: '295',
33 silly get     connection: 'keep-alive',
33 silly get     'x-served-by': 'cache-fra1243-FRA',
33 silly get     'x-cache': 'HIT',
33 silly get     'x-cache-hits': '1',
33 silly get     'x-timer': 'S1462190309.339576,VS0,VE0',
33 silly get     vary: 'Accept-Encoding' } ]
34 verbose etag https://registry.npmjs.org/gulp-jade from cache
35 verbose get saving gulp-jade to /home/praytic/.npm/registry.npmjs.org/gulp-jade/.cache.json
36 verbose correctMkdir /home/praytic/.npm correctMkdir not in flight; initializing
37 silly fetchPackageMetaData Error: No compatible version found: gulp-jade@^2.0.0
37 silly fetchPackageMetaData Valid install targets:
37 silly fetchPackageMetaData 1.1.0, 1.0.1, 1.0.0, 0.11.0, 0.10.0, 0.9.0, 0.8.0, 0.7.0, 0.6.1, 0.6.0, 0.5.0, 0.4.2, 0.4.1, 0.4.0, 0.3.0, 0.2.0, 0.1.0, 0.0.3, 0.0.2, 0.0.1
37 silly fetchPackageMetaData
37 silly fetchPackageMetaData     at pickVersionFromRegistryDocument (/usr/lib/node_modules/npm/lib/fetch-package-metadata.js:156:16)
37 silly fetchPackageMetaData     at /usr/lib/node_modules/npm/node_modules/iferr/index.js:13:50
37 silly fetchPackageMetaData     at /usr/lib/node_modules/npm/lib/utils/pulse-till-done.js:19:8
37 silly fetchPackageMetaData     at saved (/usr/lib/node_modules/npm/lib/cache/caching-client.js:168:7)
37 silly fetchPackageMetaData     at /usr/lib/node_modules/npm/node_modules/graceful-fs/polyfills.js:210:7
37 silly fetchPackageMetaData     at FSReqWrap.oncomplete (fs.js:82:15)
37 silly fetchPackageMetaData  error for gulp-jade@^2.0.0 [Error: No compatible version found: gulp-jade@^2.0.0
37 silly fetchPackageMetaData Valid install targets:
37 silly fetchPackageMetaData 1.1.0, 1.0.1, 1.0.0, 0.11.0, 0.10.0, 0.9.0, 0.8.0, 0.7.0, 0.6.1, 0.6.0, 0.5.0, 0.4.2, 0.4.1, 0.4.0, 0.3.0, 0.2.0, 0.1.0, 0.0.3, 0.0.2, 0.0.1
37 silly fetchPackageMetaData ]
38 silly rollbackFailedOptional Starting
39 silly rollbackFailedOptional Finishing
40 silly runTopLevelLifecycles Starting
41 silly runTopLevelLifecycles Finishing
42 silly install printInstalled
43 verbose stack Error: No compatible version found: gulp-jade@^2.0.0
43 verbose stack Valid install targets:
43 verbose stack 1.1.0, 1.0.1, 1.0.0, 0.11.0, 0.10.0, 0.9.0, 0.8.0, 0.7.0, 0.6.1, 0.6.0, 0.5.0, 0.4.2, 0.4.1, 0.4.0, 0.3.0, 0.2.0, 0.1.0, 0.0.3, 0.0.2, 0.0.1
43 verbose stack
43 verbose stack     at pickVersionFromRegistryDocument (/usr/lib/node_modules/npm/lib/fetch-package-metadata.js:156:16)
43 verbose stack     at /usr/lib/node_modules/npm/node_modules/iferr/index.js:13:50
43 verbose stack     at /usr/lib/node_modules/npm/lib/utils/pulse-till-done.js:19:8
43 verbose stack     at saved (/usr/lib/node_modules/npm/lib/cache/caching-client.js:168:7)
43 verbose stack     at /usr/lib/node_modules/npm/node_modules/graceful-fs/polyfills.js:210:7
43 verbose stack     at FSReqWrap.oncomplete (fs.js:82:15)
44 verbose cwd /home/praytic/tmp/projects/memory-mate
45 error Linux 3.19.0-58-generic
46 error argv "/usr/bin/nodejs" "/usr/bin/npm" "install"
47 error node v5.10.1
48 error npm  v3.8.3
49 error No compatible version found: gulp-jade@^2.0.0
49 error Valid install targets:
49 error 1.1.0, 1.0.1, 1.0.0, 0.11.0, 0.10.0, 0.9.0, 0.8.0, 0.7.0, 0.6.1, 0.6.0, 0.5.0, 0.4.2, 0.4.1, 0.4.0, 0.3.0, 0.2.0, 0.1.0, 0.0.3, 0.0.2, 0.0.1
50 error If you need help, you may report this error at:
50 error     <https://github.com/npm/npm/issues>
51 verbose exit [ 1, true ]
